<?xml version="1.0" encoding="UTF-8"?>
<!-- Generated by org.testng.reporters.JUnitXMLReporter -->
<testsuite ignored="0" hostname="DESKTOP-8ASR9CA" failures="0" tests="6" name="DemoTestNG" time="24.363" errors="0"
           timestamp="2024-11-18T15:21:48 ICT">
    <testcase classname="com.myngoc.demotestng.login.LoginPageTest" name="testLogin" time="1.033"/>
    <testcase classname="com.myngoc.demotestng.login.LoginPageTest" name="testLogin" time="0.911"/>
    <testcase classname="com.myngoc.demotestng.login.LoginPageTest" name="testLogin" time="0.856"/>
    <testcase classname="com.myngoc.demotestng.login.LoginPageTest" name="testLogin" time="0.88"/>
    <testcase classname="com.myngoc.demotestng.login.LoginPageTest" name="testLogin" time="2.341"/>
    <testcase classname="com.myngoc.demotestng.login.LoginPageTest" name="testLogin" time="0.874"/>
</testsuite> <!-- DemoTestNG -->
